<?xml version="1.0" encoding="UTF-8"?>
<!-- Generated by org.testng.reporters.JUnitReportReporter -->
<testsuite hostname="DESKTOP-3VF4086" failures="0" tests="1" name="runner.CucumberTestRunner" time="19.895" errors="0" timestamp="2024-10-14T12:38:59 WEST" skipped="0">
  <testcase classname="runner.CucumberTestRunner" name="runScenario" time="19.895"/>
</testsuite> <!-- runner.CucumberTestRunner -->
