<?xml version="1.0" encoding="UTF-8"?>
<!-- Generated by org.testng.reporters.JUnitReportReporter -->
<testsuite hostname="DESKTOP-3VF4086" failures="0" tests="1" name="runner.CucumberTestRunner" time="66.096" errors="0" timestamp="2024-10-15T18:16:22 WEST" skipped="0">
  <testcase classname="runner.CucumberTestRunner" name="runScenario" time="66.096"/>
</testsuite> <!-- runner.CucumberTestRunner -->
