<?xml version="1.0" encoding="UTF-8"?>
<!-- Generated by org.testng.reporters.JUnitReportReporter -->
<testsuite hostname="DESKTOP-3VF4086" failures="0" tests="1" name="runner.CucumberTestRunner" time="11.567" errors="0" timestamp="2024-10-14T11:21:44 WEST" skipped="0">
  <testcase classname="runner.CucumberTestRunner" name="runScenario" time="11.567"/>
</testsuite> <!-- runner.CucumberTestRunner -->
