<?xml version="1.0" encoding="UTF-8"?>
<!-- Generated by org.testng.reporters.JUnitReportReporter -->
<testsuite hostname="DESKTOP-3VF4086" failures="0" tests="1" name="steps.TestPageSteps" time="10.727" errors="0" timestamp="2024-10-14T11:11:59 WEST" skipped="0">
  <testcase classname="steps.TestPageSteps" name="goToMercedesBenzShop" time="10.727"/>
</testsuite> <!-- steps.TestPageSteps -->
